[2025-03-03 05:40:48,337] {dag_processing.py:590} INFO - Processing files using up to 2 processes at a time 
[2025-03-03 05:40:48,339] {dag_processing.py:591} INFO - Process each file at most once every 0 seconds
[2025-03-03 05:40:48,342] {dag_processing.py:593} INFO - Checking for new files in /opt/airflow/dags every 300 seconds
[2025-03-03 05:40:48,346] {dag_processing.py:726} INFO - Searching for files in /opt/airflow/dags
[2025-03-03 05:40:48,353] {dag_processing.py:729} INFO - There are 0 files in /opt/airflow/dags
[2025-03-03 05:40:48,400] {dag_processing.py:1062} INFO - Finding 'running' jobs without a recent heartbeat
[2025-03-03 05:40:48,404] {dag_processing.py:1066} INFO - Failing jobs without heartbeat after 2025-03-03 05:35:48.403768+00:00
[2025-03-03 05:40:58,436] {dag_processing.py:1062} INFO - Finding 'running' jobs without a recent heartbeat
[2025-03-03 05:40:58,439] {dag_processing.py:1066} INFO - Failing jobs without heartbeat after 2025-03-03 05:35:58.439015+00:00
[2025-03-03 05:41:08,465] {dag_processing.py:1062} INFO - Finding 'running' jobs without a recent heartbeat
[2025-03-03 05:41:08,467] {dag_processing.py:1066} INFO - Failing jobs without heartbeat after 2025-03-03 05:36:08.467409+00:00
[2025-03-03 05:41:18,496] {dag_processing.py:1062} INFO - Finding 'running' jobs without a recent heartbeat
[2025-03-03 05:41:18,499] {dag_processing.py:1066} INFO - Failing jobs without heartbeat after 2025-03-03 05:36:18.499156+00:00
[2025-03-03 05:41:28,522] {dag_processing.py:1062} INFO - Finding 'running' jobs without a recent heartbeat
[2025-03-03 05:41:28,526] {dag_processing.py:1066} INFO - Failing jobs without heartbeat after 2025-03-03 05:36:28.526409+00:00
[2025-03-03 05:41:38,558] {dag_processing.py:1062} INFO - Finding 'running' jobs without a recent heartbeat
[2025-03-03 05:41:38,560] {dag_processing.py:1066} INFO - Failing jobs without heartbeat after 2025-03-03 05:36:38.560847+00:00
[2025-03-03 05:41:48,584] {dag_processing.py:1062} INFO - Finding 'running' jobs without a recent heartbeat
[2025-03-03 05:41:48,588] {dag_processing.py:1066} INFO - Failing jobs without heartbeat after 2025-03-03 05:36:48.587968+00:00
[2025-03-03 05:41:54,281] {dag_processing.py:571} INFO - Exiting gracefully upon receiving signal 15
[2025-03-03 05:45:46,945] {dag_processing.py:590} INFO - Processing files using up to 2 processes at a time 
[2025-03-03 05:45:46,947] {dag_processing.py:591} INFO - Process each file at most once every 0 seconds
[2025-03-03 05:45:46,950] {dag_processing.py:593} INFO - Checking for new files in /opt/airflow/dags every 300 seconds
[2025-03-03 05:45:46,952] {dag_processing.py:726} INFO - Searching for files in /opt/airflow/dags
[2025-03-03 05:45:46,957] {dag_processing.py:729} INFO - There are 0 files in /opt/airflow/dags
[2025-03-03 05:45:46,989] {dag_processing.py:1062} INFO - Finding 'running' jobs without a recent heartbeat
[2025-03-03 05:45:46,993] {dag_processing.py:1066} INFO - Failing jobs without heartbeat after 2025-03-03 05:40:46.993413+00:00
[2025-03-03 05:45:57,012] {dag_processing.py:1062} INFO - Finding 'running' jobs without a recent heartbeat
[2025-03-03 05:45:57,017] {dag_processing.py:1066} INFO - Failing jobs without heartbeat after 2025-03-03 05:40:57.017217+00:00
[2025-03-03 05:46:07,052] {dag_processing.py:1062} INFO - Finding 'running' jobs without a recent heartbeat
[2025-03-03 05:46:07,057] {dag_processing.py:1066} INFO - Failing jobs without heartbeat after 2025-03-03 05:41:07.057633+00:00
[2025-03-03 05:46:17,091] {dag_processing.py:1062} INFO - Finding 'running' jobs without a recent heartbeat
[2025-03-03 05:46:17,093] {dag_processing.py:1066} INFO - Failing jobs without heartbeat after 2025-03-03 05:41:17.093884+00:00
[2025-03-03 05:46:27,125] {dag_processing.py:1062} INFO - Finding 'running' jobs without a recent heartbeat
[2025-03-03 05:46:27,129] {dag_processing.py:1066} INFO - Failing jobs without heartbeat after 2025-03-03 05:41:27.129046+00:00
[2025-03-03 05:46:37,162] {dag_processing.py:1062} INFO - Finding 'running' jobs without a recent heartbeat
[2025-03-03 05:46:37,167] {dag_processing.py:1066} INFO - Failing jobs without heartbeat after 2025-03-03 05:41:37.167129+00:00
[2025-03-03 05:46:47,201] {dag_processing.py:1062} INFO - Finding 'running' jobs without a recent heartbeat
[2025-03-03 05:46:47,204] {dag_processing.py:1066} INFO - Failing jobs without heartbeat after 2025-03-03 05:41:47.204614+00:00
[2025-03-03 05:46:57,232] {dag_processing.py:1062} INFO - Finding 'running' jobs without a recent heartbeat
[2025-03-03 05:46:57,235] {dag_processing.py:1066} INFO - Failing jobs without heartbeat after 2025-03-03 05:41:57.235579+00:00
[2025-03-03 05:47:07,267] {dag_processing.py:1062} INFO - Finding 'running' jobs without a recent heartbeat
[2025-03-03 05:47:07,272] {dag_processing.py:1066} INFO - Failing jobs without heartbeat after 2025-03-03 05:42:07.272271+00:00
[2025-03-03 05:47:17,308] {dag_processing.py:1062} INFO - Finding 'running' jobs without a recent heartbeat
[2025-03-03 05:47:17,323] {dag_processing.py:1066} INFO - Failing jobs without heartbeat after 2025-03-03 05:42:17.322971+00:00
[2025-03-03 05:47:27,353] {dag_processing.py:1062} INFO - Finding 'running' jobs without a recent heartbeat
[2025-03-03 05:47:27,357] {dag_processing.py:1066} INFO - Failing jobs without heartbeat after 2025-03-03 05:42:27.357122+00:00
[2025-03-03 05:47:37,394] {dag_processing.py:1062} INFO - Finding 'running' jobs without a recent heartbeat
[2025-03-03 05:47:37,396] {dag_processing.py:1066} INFO - Failing jobs without heartbeat after 2025-03-03 05:42:37.396293+00:00
[2025-03-03 05:47:47,449] {dag_processing.py:1062} INFO - Finding 'running' jobs without a recent heartbeat
[2025-03-03 05:47:47,457] {dag_processing.py:1066} INFO - Failing jobs without heartbeat after 2025-03-03 05:42:47.457075+00:00
[2025-03-03 05:47:57,493] {dag_processing.py:1062} INFO - Finding 'running' jobs without a recent heartbeat
[2025-03-03 05:47:57,497] {dag_processing.py:1066} INFO - Failing jobs without heartbeat after 2025-03-03 05:42:57.497284+00:00
[2025-03-03 05:48:07,532] {dag_processing.py:1062} INFO - Finding 'running' jobs without a recent heartbeat
[2025-03-03 05:48:07,543] {dag_processing.py:1066} INFO - Failing jobs without heartbeat after 2025-03-03 05:43:07.543036+00:00
[2025-03-03 05:48:17,578] {dag_processing.py:1062} INFO - Finding 'running' jobs without a recent heartbeat
[2025-03-03 05:48:17,583] {dag_processing.py:1066} INFO - Failing jobs without heartbeat after 2025-03-03 05:43:17.582964+00:00
[2025-03-03 05:48:27,618] {dag_processing.py:1062} INFO - Finding 'running' jobs without a recent heartbeat
[2025-03-03 05:48:27,630] {dag_processing.py:1066} INFO - Failing jobs without heartbeat after 2025-03-03 05:43:27.630524+00:00
[2025-03-03 05:48:37,670] {dag_processing.py:1062} INFO - Finding 'running' jobs without a recent heartbeat
[2025-03-03 05:48:37,675] {dag_processing.py:1066} INFO - Failing jobs without heartbeat after 2025-03-03 05:43:37.675118+00:00
[2025-03-03 05:48:47,713] {dag_processing.py:1062} INFO - Finding 'running' jobs without a recent heartbeat
[2025-03-03 05:48:47,717] {dag_processing.py:1066} INFO - Failing jobs without heartbeat after 2025-03-03 05:43:47.716980+00:00
[2025-03-03 05:48:57,751] {dag_processing.py:1062} INFO - Finding 'running' jobs without a recent heartbeat
[2025-03-03 05:48:57,756] {dag_processing.py:1066} INFO - Failing jobs without heartbeat after 2025-03-03 05:43:57.756369+00:00
[2025-03-03 05:49:07,797] {dag_processing.py:1062} INFO - Finding 'running' jobs without a recent heartbeat
[2025-03-03 05:49:07,803] {dag_processing.py:1066} INFO - Failing jobs without heartbeat after 2025-03-03 05:44:07.803335+00:00
[2025-03-03 05:49:17,845] {dag_processing.py:1062} INFO - Finding 'running' jobs without a recent heartbeat
[2025-03-03 05:49:17,849] {dag_processing.py:1066} INFO - Failing jobs without heartbeat after 2025-03-03 05:44:17.849697+00:00
[2025-03-03 05:49:27,883] {dag_processing.py:1062} INFO - Finding 'running' jobs without a recent heartbeat
[2025-03-03 05:49:27,890] {dag_processing.py:1066} INFO - Failing jobs without heartbeat after 2025-03-03 05:44:27.889817+00:00
[2025-03-03 05:49:37,933] {dag_processing.py:1062} INFO - Finding 'running' jobs without a recent heartbeat
[2025-03-03 05:49:37,935] {dag_processing.py:1066} INFO - Failing jobs without heartbeat after 2025-03-03 05:44:37.935427+00:00
[2025-03-03 05:49:47,973] {dag_processing.py:1062} INFO - Finding 'running' jobs without a recent heartbeat
[2025-03-03 05:49:47,978] {dag_processing.py:1066} INFO - Failing jobs without heartbeat after 2025-03-03 05:44:47.978200+00:00
[2025-03-03 05:49:58,007] {dag_processing.py:1062} INFO - Finding 'running' jobs without a recent heartbeat
[2025-03-03 05:49:58,010] {dag_processing.py:1066} INFO - Failing jobs without heartbeat after 2025-03-03 05:44:58.009991+00:00
[2025-03-03 05:50:08,048] {dag_processing.py:1062} INFO - Finding 'running' jobs without a recent heartbeat
[2025-03-03 05:50:08,052] {dag_processing.py:1066} INFO - Failing jobs without heartbeat after 2025-03-03 05:45:08.052003+00:00
[2025-03-03 05:50:18,085] {dag_processing.py:1062} INFO - Finding 'running' jobs without a recent heartbeat
[2025-03-03 05:50:18,088] {dag_processing.py:1066} INFO - Failing jobs without heartbeat after 2025-03-03 05:45:18.088480+00:00
[2025-03-03 05:50:28,116] {dag_processing.py:1062} INFO - Finding 'running' jobs without a recent heartbeat
[2025-03-03 05:50:28,118] {dag_processing.py:1066} INFO - Failing jobs without heartbeat after 2025-03-03 05:45:28.118782+00:00
[2025-03-03 05:50:38,152] {dag_processing.py:1062} INFO - Finding 'running' jobs without a recent heartbeat
[2025-03-03 05:50:38,156] {dag_processing.py:1066} INFO - Failing jobs without heartbeat after 2025-03-03 05:45:38.155995+00:00
[2025-03-03 05:50:47,193] {dag_processing.py:726} INFO - Searching for files in /opt/airflow/dags
[2025-03-03 05:50:47,201] {dag_processing.py:729} INFO - There are 0 files in /opt/airflow/dags
[2025-03-03 05:50:48,226] {dag_processing.py:1062} INFO - Finding 'running' jobs without a recent heartbeat
[2025-03-03 05:50:48,228] {dag_processing.py:1066} INFO - Failing jobs without heartbeat after 2025-03-03 05:45:48.228918+00:00
[2025-03-03 05:50:58,259] {dag_processing.py:1062} INFO - Finding 'running' jobs without a recent heartbeat
[2025-03-03 05:50:58,272] {dag_processing.py:1066} INFO - Failing jobs without heartbeat after 2025-03-03 05:45:58.272647+00:00
[2025-03-03 05:51:08,307] {dag_processing.py:1062} INFO - Finding 'running' jobs without a recent heartbeat
[2025-03-03 05:51:08,309] {dag_processing.py:1066} INFO - Failing jobs without heartbeat after 2025-03-03 05:46:08.309871+00:00
[2025-03-03 05:51:18,344] {dag_processing.py:1062} INFO - Finding 'running' jobs without a recent heartbeat
[2025-03-03 05:51:18,348] {dag_processing.py:1066} INFO - Failing jobs without heartbeat after 2025-03-03 05:46:18.348431+00:00
[2025-03-03 05:51:28,390] {dag_processing.py:1062} INFO - Finding 'running' jobs without a recent heartbeat
[2025-03-03 05:51:28,393] {dag_processing.py:1066} INFO - Failing jobs without heartbeat after 2025-03-03 05:46:28.393171+00:00
[2025-03-03 05:51:38,425] {dag_processing.py:1062} INFO - Finding 'running' jobs without a recent heartbeat
[2025-03-03 05:51:38,430] {dag_processing.py:1066} INFO - Failing jobs without heartbeat after 2025-03-03 05:46:38.430154+00:00
[2025-03-03 05:51:48,464] {dag_processing.py:1062} INFO - Finding 'running' jobs without a recent heartbeat
[2025-03-03 05:51:48,468] {dag_processing.py:1066} INFO - Failing jobs without heartbeat after 2025-03-03 05:46:48.468240+00:00
[2025-03-03 05:51:58,497] {dag_processing.py:1062} INFO - Finding 'running' jobs without a recent heartbeat
[2025-03-03 05:51:58,499] {dag_processing.py:1066} INFO - Failing jobs without heartbeat after 2025-03-03 05:46:58.499447+00:00
[2025-03-03 05:52:08,530] {dag_processing.py:1062} INFO - Finding 'running' jobs without a recent heartbeat
[2025-03-03 05:52:08,534] {dag_processing.py:1066} INFO - Failing jobs without heartbeat after 2025-03-03 05:47:08.533907+00:00
[2025-03-03 05:52:18,572] {dag_processing.py:1062} INFO - Finding 'running' jobs without a recent heartbeat
[2025-03-03 05:52:18,579] {dag_processing.py:1066} INFO - Failing jobs without heartbeat after 2025-03-03 05:47:18.579674+00:00
[2025-03-03 05:52:28,613] {dag_processing.py:1062} INFO - Finding 'running' jobs without a recent heartbeat
[2025-03-03 05:52:28,615] {dag_processing.py:1066} INFO - Failing jobs without heartbeat after 2025-03-03 05:47:28.615927+00:00
[2025-03-03 05:52:38,645] {dag_processing.py:1062} INFO - Finding 'running' jobs without a recent heartbeat
[2025-03-03 05:52:38,651] {dag_processing.py:1066} INFO - Failing jobs without heartbeat after 2025-03-03 05:47:38.651911+00:00
[2025-03-03 05:52:48,691] {dag_processing.py:1062} INFO - Finding 'running' jobs without a recent heartbeat
[2025-03-03 05:52:48,698] {dag_processing.py:1066} INFO - Failing jobs without heartbeat after 2025-03-03 05:47:48.698916+00:00
[2025-03-03 05:52:58,731] {dag_processing.py:1062} INFO - Finding 'running' jobs without a recent heartbeat
[2025-03-03 05:52:58,735] {dag_processing.py:1066} INFO - Failing jobs without heartbeat after 2025-03-03 05:47:58.735611+00:00
[2025-03-03 05:53:08,766] {dag_processing.py:1062} INFO - Finding 'running' jobs without a recent heartbeat
[2025-03-03 05:53:08,772] {dag_processing.py:1066} INFO - Failing jobs without heartbeat after 2025-03-03 05:48:08.772236+00:00
[2025-03-03 05:53:18,811] {dag_processing.py:1062} INFO - Finding 'running' jobs without a recent heartbeat
[2025-03-03 05:53:18,815] {dag_processing.py:1066} INFO - Failing jobs without heartbeat after 2025-03-03 05:48:18.815175+00:00
[2025-03-03 05:53:28,851] {dag_processing.py:1062} INFO - Finding 'running' jobs without a recent heartbeat
[2025-03-03 05:53:28,855] {dag_processing.py:1066} INFO - Failing jobs without heartbeat after 2025-03-03 05:48:28.855764+00:00
[2025-03-03 05:53:38,887] {dag_processing.py:1062} INFO - Finding 'running' jobs without a recent heartbeat
[2025-03-03 05:53:38,890] {dag_processing.py:1066} INFO - Failing jobs without heartbeat after 2025-03-03 05:48:38.890790+00:00
[2025-03-03 05:53:48,922] {dag_processing.py:1062} INFO - Finding 'running' jobs without a recent heartbeat
[2025-03-03 05:53:48,927] {dag_processing.py:1066} INFO - Failing jobs without heartbeat after 2025-03-03 05:48:48.927303+00:00
[2025-03-03 05:53:58,964] {dag_processing.py:1062} INFO - Finding 'running' jobs without a recent heartbeat
[2025-03-03 05:53:58,975] {dag_processing.py:1066} INFO - Failing jobs without heartbeat after 2025-03-03 05:48:58.975555+00:00
[2025-03-03 05:54:09,006] {dag_processing.py:1062} INFO - Finding 'running' jobs without a recent heartbeat
[2025-03-03 05:54:09,010] {dag_processing.py:1066} INFO - Failing jobs without heartbeat after 2025-03-03 05:49:09.010814+00:00
[2025-03-03 05:54:19,047] {dag_processing.py:1062} INFO - Finding 'running' jobs without a recent heartbeat
[2025-03-03 05:54:19,058] {dag_processing.py:1066} INFO - Failing jobs without heartbeat after 2025-03-03 05:49:19.058685+00:00
[2025-03-03 05:54:29,097] {dag_processing.py:1062} INFO - Finding 'running' jobs without a recent heartbeat
[2025-03-03 05:54:29,101] {dag_processing.py:1066} INFO - Failing jobs without heartbeat after 2025-03-03 05:49:29.101350+00:00
[2025-03-03 05:54:39,134] {dag_processing.py:1062} INFO - Finding 'running' jobs without a recent heartbeat
[2025-03-03 05:54:39,138] {dag_processing.py:1066} INFO - Failing jobs without heartbeat after 2025-03-03 05:49:39.138787+00:00
[2025-03-03 05:54:49,175] {dag_processing.py:1062} INFO - Finding 'running' jobs without a recent heartbeat
[2025-03-03 05:54:49,180] {dag_processing.py:1066} INFO - Failing jobs without heartbeat after 2025-03-03 05:49:49.180696+00:00
[2025-03-03 05:54:59,226] {dag_processing.py:1062} INFO - Finding 'running' jobs without a recent heartbeat
[2025-03-03 05:54:59,230] {dag_processing.py:1066} INFO - Failing jobs without heartbeat after 2025-03-03 05:49:59.230440+00:00
[2025-03-03 05:55:09,259] {dag_processing.py:1062} INFO - Finding 'running' jobs without a recent heartbeat
[2025-03-03 05:55:09,267] {dag_processing.py:1066} INFO - Failing jobs without heartbeat after 2025-03-03 05:50:09.267551+00:00
[2025-03-03 05:55:19,302] {dag_processing.py:1062} INFO - Finding 'running' jobs without a recent heartbeat
[2025-03-03 05:55:19,304] {dag_processing.py:1066} INFO - Failing jobs without heartbeat after 2025-03-03 05:50:19.304623+00:00
[2025-03-03 05:55:29,338] {dag_processing.py:1062} INFO - Finding 'running' jobs without a recent heartbeat
[2025-03-03 05:55:29,345] {dag_processing.py:1066} INFO - Failing jobs without heartbeat after 2025-03-03 05:50:29.345115+00:00
[2025-03-03 05:55:39,373] {dag_processing.py:1062} INFO - Finding 'running' jobs without a recent heartbeat
[2025-03-03 05:55:39,377] {dag_processing.py:1066} INFO - Failing jobs without heartbeat after 2025-03-03 05:50:39.377762+00:00
[2025-03-03 05:55:47,413] {dag_processing.py:726} INFO - Searching for files in /opt/airflow/dags
[2025-03-03 05:55:47,421] {dag_processing.py:729} INFO - There are 0 files in /opt/airflow/dags
[2025-03-03 05:55:49,437] {dag_processing.py:1062} INFO - Finding 'running' jobs without a recent heartbeat
[2025-03-03 05:55:49,440] {dag_processing.py:1066} INFO - Failing jobs without heartbeat after 2025-03-03 05:50:49.440624+00:00
[2025-03-03 05:55:59,476] {dag_processing.py:1062} INFO - Finding 'running' jobs without a recent heartbeat
[2025-03-03 05:55:59,480] {dag_processing.py:1066} INFO - Failing jobs without heartbeat after 2025-03-03 05:50:59.480637+00:00
[2025-03-03 05:56:09,520] {dag_processing.py:1062} INFO - Finding 'running' jobs without a recent heartbeat
[2025-03-03 05:56:09,525] {dag_processing.py:1066} INFO - Failing jobs without heartbeat after 2025-03-03 05:51:09.524946+00:00
[2025-03-03 05:56:19,559] {dag_processing.py:1062} INFO - Finding 'running' jobs without a recent heartbeat
[2025-03-03 05:56:19,566] {dag_processing.py:1066} INFO - Failing jobs without heartbeat after 2025-03-03 05:51:19.566346+00:00
[2025-03-03 05:56:29,603] {dag_processing.py:1062} INFO - Finding 'running' jobs without a recent heartbeat
[2025-03-03 05:56:29,608] {dag_processing.py:1066} INFO - Failing jobs without heartbeat after 2025-03-03 05:51:29.608559+00:00
[2025-03-03 05:56:39,646] {dag_processing.py:1062} INFO - Finding 'running' jobs without a recent heartbeat
[2025-03-03 05:56:39,650] {dag_processing.py:1066} INFO - Failing jobs without heartbeat after 2025-03-03 05:51:39.650498+00:00
[2025-03-03 05:56:49,693] {dag_processing.py:1062} INFO - Finding 'running' jobs without a recent heartbeat
[2025-03-03 05:56:49,699] {dag_processing.py:1066} INFO - Failing jobs without heartbeat after 2025-03-03 05:51:49.699345+00:00
[2025-03-03 05:56:59,739] {dag_processing.py:1062} INFO - Finding 'running' jobs without a recent heartbeat
[2025-03-03 05:56:59,744] {dag_processing.py:1066} INFO - Failing jobs without heartbeat after 2025-03-03 05:51:59.744273+00:00
[2025-03-03 05:57:09,775] {dag_processing.py:1062} INFO - Finding 'running' jobs without a recent heartbeat
[2025-03-03 05:57:09,778] {dag_processing.py:1066} INFO - Failing jobs without heartbeat after 2025-03-03 05:52:09.778169+00:00
[2025-03-03 05:57:19,819] {dag_processing.py:1062} INFO - Finding 'running' jobs without a recent heartbeat
[2025-03-03 05:57:19,824] {dag_processing.py:1066} INFO - Failing jobs without heartbeat after 2025-03-03 05:52:19.824077+00:00
[2025-03-03 05:57:29,865] {dag_processing.py:1062} INFO - Finding 'running' jobs without a recent heartbeat
[2025-03-03 05:57:29,870] {dag_processing.py:1066} INFO - Failing jobs without heartbeat after 2025-03-03 05:52:29.870210+00:00
[2025-03-03 05:57:39,907] {dag_processing.py:1062} INFO - Finding 'running' jobs without a recent heartbeat
[2025-03-03 05:57:39,911] {dag_processing.py:1066} INFO - Failing jobs without heartbeat after 2025-03-03 05:52:39.911708+00:00
[2025-03-03 05:57:49,950] {dag_processing.py:1062} INFO - Finding 'running' jobs without a recent heartbeat
[2025-03-03 05:57:49,954] {dag_processing.py:1066} INFO - Failing jobs without heartbeat after 2025-03-03 05:52:49.953981+00:00
[2025-03-03 05:57:59,988] {dag_processing.py:1062} INFO - Finding 'running' jobs without a recent heartbeat
[2025-03-03 05:58:00,002] {dag_processing.py:1066} INFO - Failing jobs without heartbeat after 2025-03-03 05:53:00.002387+00:00
[2025-03-03 05:58:10,044] {dag_processing.py:1062} INFO - Finding 'running' jobs without a recent heartbeat
[2025-03-03 05:58:10,052] {dag_processing.py:1066} INFO - Failing jobs without heartbeat after 2025-03-03 05:53:10.052362+00:00
[2025-03-03 05:58:20,094] {dag_processing.py:1062} INFO - Finding 'running' jobs without a recent heartbeat
[2025-03-03 05:58:20,105] {dag_processing.py:1066} INFO - Failing jobs without heartbeat after 2025-03-03 05:53:20.105726+00:00
[2025-03-03 05:58:30,151] {dag_processing.py:1062} INFO - Finding 'running' jobs without a recent heartbeat
[2025-03-03 05:58:30,156] {dag_processing.py:1066} INFO - Failing jobs without heartbeat after 2025-03-03 05:53:30.156498+00:00
[2025-03-03 05:58:40,186] {dag_processing.py:1062} INFO - Finding 'running' jobs without a recent heartbeat
[2025-03-03 05:58:40,191] {dag_processing.py:1066} INFO - Failing jobs without heartbeat after 2025-03-03 05:53:40.191272+00:00
[2025-03-03 05:58:50,229] {dag_processing.py:1062} INFO - Finding 'running' jobs without a recent heartbeat
[2025-03-03 05:58:50,234] {dag_processing.py:1066} INFO - Failing jobs without heartbeat after 2025-03-03 05:53:50.234167+00:00
[2025-03-03 05:59:00,274] {dag_processing.py:1062} INFO - Finding 'running' jobs without a recent heartbeat
[2025-03-03 05:59:00,278] {dag_processing.py:1066} INFO - Failing jobs without heartbeat after 2025-03-03 05:54:00.278799+00:00
[2025-03-03 05:59:10,314] {dag_processing.py:1062} INFO - Finding 'running' jobs without a recent heartbeat
[2025-03-03 05:59:10,318] {dag_processing.py:1066} INFO - Failing jobs without heartbeat after 2025-03-03 05:54:10.317986+00:00
[2025-03-03 05:59:20,356] {dag_processing.py:1062} INFO - Finding 'running' jobs without a recent heartbeat
[2025-03-03 05:59:20,362] {dag_processing.py:1066} INFO - Failing jobs without heartbeat after 2025-03-03 05:54:20.362494+00:00
[2025-03-03 05:59:30,401] {dag_processing.py:1062} INFO - Finding 'running' jobs without a recent heartbeat
[2025-03-03 05:59:30,405] {dag_processing.py:1066} INFO - Failing jobs without heartbeat after 2025-03-03 05:54:30.405448+00:00
[2025-03-03 05:59:40,438] {dag_processing.py:1062} INFO - Finding 'running' jobs without a recent heartbeat
[2025-03-03 05:59:40,442] {dag_processing.py:1066} INFO - Failing jobs without heartbeat after 2025-03-03 05:54:40.442940+00:00
[2025-03-03 05:59:50,478] {dag_processing.py:1062} INFO - Finding 'running' jobs without a recent heartbeat
[2025-03-03 05:59:50,481] {dag_processing.py:1066} INFO - Failing jobs without heartbeat after 2025-03-03 05:54:50.481186+00:00
[2025-03-03 06:00:00,514] {dag_processing.py:1062} INFO - Finding 'running' jobs without a recent heartbeat
[2025-03-03 06:00:00,517] {dag_processing.py:1066} INFO - Failing jobs without heartbeat after 2025-03-03 05:55:00.517737+00:00
[2025-03-03 06:00:10,546] {dag_processing.py:1062} INFO - Finding 'running' jobs without a recent heartbeat
[2025-03-03 06:00:10,548] {dag_processing.py:1066} INFO - Failing jobs without heartbeat after 2025-03-03 05:55:10.548873+00:00
[2025-03-03 06:00:20,580] {dag_processing.py:1062} INFO - Finding 'running' jobs without a recent heartbeat
[2025-03-03 06:00:20,585] {dag_processing.py:1066} INFO - Failing jobs without heartbeat after 2025-03-03 05:55:20.585665+00:00
[2025-03-03 06:00:30,625] {dag_processing.py:1062} INFO - Finding 'running' jobs without a recent heartbeat
[2025-03-03 06:00:30,631] {dag_processing.py:1066} INFO - Failing jobs without heartbeat after 2025-03-03 05:55:30.631589+00:00
[2025-03-03 06:00:40,662] {dag_processing.py:1062} INFO - Finding 'running' jobs without a recent heartbeat
[2025-03-03 06:00:40,663] {dag_processing.py:1066} INFO - Failing jobs without heartbeat after 2025-03-03 05:55:40.663552+00:00
[2025-03-03 06:00:47,688] {dag_processing.py:726} INFO - Searching for files in /opt/airflow/dags
[2025-03-03 06:00:47,698] {dag_processing.py:729} INFO - There are 0 files in /opt/airflow/dags
[2025-03-03 06:00:50,724] {dag_processing.py:1062} INFO - Finding 'running' jobs without a recent heartbeat
[2025-03-03 06:00:50,728] {dag_processing.py:1066} INFO - Failing jobs without heartbeat after 2025-03-03 05:55:50.728031+00:00
[2025-03-03 06:01:00,771] {dag_processing.py:1062} INFO - Finding 'running' jobs without a recent heartbeat
[2025-03-03 06:01:00,774] {dag_processing.py:1066} INFO - Failing jobs without heartbeat after 2025-03-03 05:56:00.774297+00:00
[2025-03-03 06:01:10,811] {dag_processing.py:1062} INFO - Finding 'running' jobs without a recent heartbeat
[2025-03-03 06:01:10,813] {dag_processing.py:1066} INFO - Failing jobs without heartbeat after 2025-03-03 05:56:10.813808+00:00
[2025-03-03 06:01:20,848] {dag_processing.py:1062} INFO - Finding 'running' jobs without a recent heartbeat
[2025-03-03 06:01:20,854] {dag_processing.py:1066} INFO - Failing jobs without heartbeat after 2025-03-03 05:56:20.854828+00:00
[2025-03-03 06:01:30,896] {dag_processing.py:1062} INFO - Finding 'running' jobs without a recent heartbeat
[2025-03-03 06:01:30,899] {dag_processing.py:1066} INFO - Failing jobs without heartbeat after 2025-03-03 05:56:30.899592+00:00
[2025-03-03 06:01:40,937] {dag_processing.py:1062} INFO - Finding 'running' jobs without a recent heartbeat
[2025-03-03 06:01:40,939] {dag_processing.py:1066} INFO - Failing jobs without heartbeat after 2025-03-03 05:56:40.939155+00:00
[2025-03-03 06:01:50,971] {dag_processing.py:1062} INFO - Finding 'running' jobs without a recent heartbeat
[2025-03-03 06:01:50,976] {dag_processing.py:1066} INFO - Failing jobs without heartbeat after 2025-03-03 05:56:50.976545+00:00
[2025-03-03 06:02:01,017] {dag_processing.py:1062} INFO - Finding 'running' jobs without a recent heartbeat
[2025-03-03 06:02:01,022] {dag_processing.py:1066} INFO - Failing jobs without heartbeat after 2025-03-03 05:57:01.021870+00:00
[2025-03-03 06:02:11,057] {dag_processing.py:1062} INFO - Finding 'running' jobs without a recent heartbeat
[2025-03-03 06:02:11,059] {dag_processing.py:1066} INFO - Failing jobs without heartbeat after 2025-03-03 05:57:11.059507+00:00
[2025-03-03 06:02:21,090] {dag_processing.py:1062} INFO - Finding 'running' jobs without a recent heartbeat
[2025-03-03 06:02:21,097] {dag_processing.py:1066} INFO - Failing jobs without heartbeat after 2025-03-03 05:57:21.097703+00:00
[2025-03-03 06:02:31,136] {dag_processing.py:1062} INFO - Finding 'running' jobs without a recent heartbeat
[2025-03-03 06:02:31,139] {dag_processing.py:1066} INFO - Failing jobs without heartbeat after 2025-03-03 05:57:31.139169+00:00
[2025-03-03 06:02:41,173] {dag_processing.py:1062} INFO - Finding 'running' jobs without a recent heartbeat
[2025-03-03 06:02:41,177] {dag_processing.py:1066} INFO - Failing jobs without heartbeat after 2025-03-03 05:57:41.177422+00:00
[2025-03-03 06:02:51,214] {dag_processing.py:1062} INFO - Finding 'running' jobs without a recent heartbeat
[2025-03-03 06:02:51,218] {dag_processing.py:1066} INFO - Failing jobs without heartbeat after 2025-03-03 05:57:51.218133+00:00
[2025-03-03 06:03:01,257] {dag_processing.py:1062} INFO - Finding 'running' jobs without a recent heartbeat
[2025-03-03 06:03:01,261] {dag_processing.py:1066} INFO - Failing jobs without heartbeat after 2025-03-03 05:58:01.261338+00:00
[2025-03-03 06:03:11,293] {dag_processing.py:1062} INFO - Finding 'running' jobs without a recent heartbeat
[2025-03-03 06:03:11,296] {dag_processing.py:1066} INFO - Failing jobs without heartbeat after 2025-03-03 05:58:11.296644+00:00
[2025-03-03 06:03:21,336] {dag_processing.py:1062} INFO - Finding 'running' jobs without a recent heartbeat
[2025-03-03 06:03:21,338] {dag_processing.py:1066} INFO - Failing jobs without heartbeat after 2025-03-03 05:58:21.338522+00:00
[2025-03-03 06:03:31,370] {dag_processing.py:1062} INFO - Finding 'running' jobs without a recent heartbeat
[2025-03-03 06:03:31,375] {dag_processing.py:1066} INFO - Failing jobs without heartbeat after 2025-03-03 05:58:31.375075+00:00
[2025-03-03 06:03:41,414] {dag_processing.py:1062} INFO - Finding 'running' jobs without a recent heartbeat
[2025-03-03 06:03:41,417] {dag_processing.py:1066} INFO - Failing jobs without heartbeat after 2025-03-03 05:58:41.417117+00:00
[2025-03-03 06:03:51,444] {dag_processing.py:1062} INFO - Finding 'running' jobs without a recent heartbeat
[2025-03-03 06:03:51,449] {dag_processing.py:1066} INFO - Failing jobs without heartbeat after 2025-03-03 05:58:51.449313+00:00
[2025-03-03 06:04:01,484] {dag_processing.py:1062} INFO - Finding 'running' jobs without a recent heartbeat
[2025-03-03 06:04:01,488] {dag_processing.py:1066} INFO - Failing jobs without heartbeat after 2025-03-03 05:59:01.488467+00:00
[2025-03-03 06:04:11,530] {dag_processing.py:1062} INFO - Finding 'running' jobs without a recent heartbeat
[2025-03-03 06:04:11,534] {dag_processing.py:1066} INFO - Failing jobs without heartbeat after 2025-03-03 05:59:11.534016+00:00
[2025-03-03 06:04:21,563] {dag_processing.py:1062} INFO - Finding 'running' jobs without a recent heartbeat
[2025-03-03 06:04:21,571] {dag_processing.py:1066} INFO - Failing jobs without heartbeat after 2025-03-03 05:59:21.571287+00:00
[2025-03-03 06:04:31,608] {dag_processing.py:1062} INFO - Finding 'running' jobs without a recent heartbeat
[2025-03-03 06:04:31,613] {dag_processing.py:1066} INFO - Failing jobs without heartbeat after 2025-03-03 05:59:31.613665+00:00
[2025-03-03 06:04:41,649] {dag_processing.py:1062} INFO - Finding 'running' jobs without a recent heartbeat
[2025-03-03 06:04:41,651] {dag_processing.py:1066} INFO - Failing jobs without heartbeat after 2025-03-03 05:59:41.651142+00:00
[2025-03-03 06:04:51,679] {dag_processing.py:1062} INFO - Finding 'running' jobs without a recent heartbeat
[2025-03-03 06:04:51,681] {dag_processing.py:1066} INFO - Failing jobs without heartbeat after 2025-03-03 05:59:51.681729+00:00
[2025-03-03 06:05:01,716] {dag_processing.py:1062} INFO - Finding 'running' jobs without a recent heartbeat
[2025-03-03 06:05:01,722] {dag_processing.py:1066} INFO - Failing jobs without heartbeat after 2025-03-03 06:00:01.722353+00:00
[2025-03-03 06:05:11,761] {dag_processing.py:1062} INFO - Finding 'running' jobs without a recent heartbeat
[2025-03-03 06:05:11,764] {dag_processing.py:1066} INFO - Failing jobs without heartbeat after 2025-03-03 06:00:11.764814+00:00
[2025-03-03 06:05:21,793] {dag_processing.py:1062} INFO - Finding 'running' jobs without a recent heartbeat
[2025-03-03 06:05:21,798] {dag_processing.py:1066} INFO - Failing jobs without heartbeat after 2025-03-03 06:00:21.797970+00:00
[2025-03-03 06:05:31,829] {dag_processing.py:1062} INFO - Finding 'running' jobs without a recent heartbeat
[2025-03-03 06:05:31,835] {dag_processing.py:1066} INFO - Failing jobs without heartbeat after 2025-03-03 06:00:31.835279+00:00
[2025-03-03 06:05:41,872] {dag_processing.py:1062} INFO - Finding 'running' jobs without a recent heartbeat
[2025-03-03 06:05:41,877] {dag_processing.py:1066} INFO - Failing jobs without heartbeat after 2025-03-03 06:00:41.876987+00:00
[2025-03-03 06:05:47,897] {dag_processing.py:726} INFO - Searching for files in /opt/airflow/dags
[2025-03-03 06:05:47,901] {dag_processing.py:729} INFO - There are 0 files in /opt/airflow/dags
[2025-03-03 06:05:51,925] {dag_processing.py:1062} INFO - Finding 'running' jobs without a recent heartbeat
[2025-03-03 06:05:51,932] {dag_processing.py:1066} INFO - Failing jobs without heartbeat after 2025-03-03 06:00:51.932874+00:00
[2025-03-03 06:06:01,970] {dag_processing.py:1062} INFO - Finding 'running' jobs without a recent heartbeat
[2025-03-03 06:06:01,974] {dag_processing.py:1066} INFO - Failing jobs without heartbeat after 2025-03-03 06:01:01.974284+00:00
[2025-03-03 06:06:12,018] {dag_processing.py:1062} INFO - Finding 'running' jobs without a recent heartbeat
[2025-03-03 06:06:12,023] {dag_processing.py:1066} INFO - Failing jobs without heartbeat after 2025-03-03 06:01:12.023361+00:00
[2025-03-03 06:06:22,061] {dag_processing.py:1062} INFO - Finding 'running' jobs without a recent heartbeat
[2025-03-03 06:06:22,066] {dag_processing.py:1066} INFO - Failing jobs without heartbeat after 2025-03-03 06:01:22.066215+00:00
[2025-03-03 06:06:32,109] {dag_processing.py:1062} INFO - Finding 'running' jobs without a recent heartbeat
[2025-03-03 06:06:32,113] {dag_processing.py:1066} INFO - Failing jobs without heartbeat after 2025-03-03 06:01:32.113461+00:00
[2025-03-03 06:06:42,150] {dag_processing.py:1062} INFO - Finding 'running' jobs without a recent heartbeat
[2025-03-03 06:06:42,155] {dag_processing.py:1066} INFO - Failing jobs without heartbeat after 2025-03-03 06:01:42.155446+00:00
[2025-03-03 06:06:52,193] {dag_processing.py:1062} INFO - Finding 'running' jobs without a recent heartbeat
[2025-03-03 06:06:52,197] {dag_processing.py:1066} INFO - Failing jobs without heartbeat after 2025-03-03 06:01:52.197366+00:00
[2025-03-03 06:07:02,234] {dag_processing.py:1062} INFO - Finding 'running' jobs without a recent heartbeat
[2025-03-03 06:07:02,260] {dag_processing.py:1066} INFO - Failing jobs without heartbeat after 2025-03-03 06:02:02.257896+00:00
[2025-03-03 06:07:12,312] {dag_processing.py:1062} INFO - Finding 'running' jobs without a recent heartbeat
[2025-03-03 06:07:12,318] {dag_processing.py:1066} INFO - Failing jobs without heartbeat after 2025-03-03 06:02:12.318604+00:00
[2025-03-03 06:07:22,347] {dag_processing.py:1062} INFO - Finding 'running' jobs without a recent heartbeat
[2025-03-03 06:07:22,357] {dag_processing.py:1066} INFO - Failing jobs without heartbeat after 2025-03-03 06:02:22.357140+00:00
[2025-03-03 06:07:32,393] {dag_processing.py:1062} INFO - Finding 'running' jobs without a recent heartbeat
[2025-03-03 06:07:32,401] {dag_processing.py:1066} INFO - Failing jobs without heartbeat after 2025-03-03 06:02:32.401148+00:00
[2025-03-03 06:07:42,438] {dag_processing.py:1062} INFO - Finding 'running' jobs without a recent heartbeat
[2025-03-03 06:07:42,443] {dag_processing.py:1066} INFO - Failing jobs without heartbeat after 2025-03-03 06:02:42.443000+00:00
[2025-03-03 06:07:52,472] {dag_processing.py:1062} INFO - Finding 'running' jobs without a recent heartbeat
[2025-03-03 06:07:52,474] {dag_processing.py:1066} INFO - Failing jobs without heartbeat after 2025-03-03 06:02:52.474212+00:00
[2025-03-03 06:08:02,501] {dag_processing.py:1062} INFO - Finding 'running' jobs without a recent heartbeat
[2025-03-03 06:08:02,503] {dag_processing.py:1066} INFO - Failing jobs without heartbeat after 2025-03-03 06:03:02.502918+00:00
[2025-03-03 06:08:12,532] {dag_processing.py:1062} INFO - Finding 'running' jobs without a recent heartbeat
[2025-03-03 06:08:12,535] {dag_processing.py:1066} INFO - Failing jobs without heartbeat after 2025-03-03 06:03:12.535385+00:00
[2025-03-03 06:08:22,563] {dag_processing.py:1062} INFO - Finding 'running' jobs without a recent heartbeat
[2025-03-03 06:08:22,566] {dag_processing.py:1066} INFO - Failing jobs without heartbeat after 2025-03-03 06:03:22.566623+00:00
[2025-03-03 06:08:32,611] {dag_processing.py:1062} INFO - Finding 'running' jobs without a recent heartbeat
[2025-03-03 06:08:32,614] {dag_processing.py:1066} INFO - Failing jobs without heartbeat after 2025-03-03 06:03:32.614214+00:00
[2025-03-03 06:08:42,653] {dag_processing.py:1062} INFO - Finding 'running' jobs without a recent heartbeat
[2025-03-03 06:08:42,658] {dag_processing.py:1066} INFO - Failing jobs without heartbeat after 2025-03-03 06:03:42.658015+00:00
[2025-03-03 06:08:52,690] {dag_processing.py:1062} INFO - Finding 'running' jobs without a recent heartbeat
[2025-03-03 06:08:52,692] {dag_processing.py:1066} INFO - Failing jobs without heartbeat after 2025-03-03 06:03:52.692466+00:00
[2025-03-03 06:09:02,721] {dag_processing.py:1062} INFO - Finding 'running' jobs without a recent heartbeat
[2025-03-03 06:09:02,727] {dag_processing.py:1066} INFO - Failing jobs without heartbeat after 2025-03-03 06:04:02.727076+00:00
[2025-03-03 06:09:12,768] {dag_processing.py:1062} INFO - Finding 'running' jobs without a recent heartbeat
[2025-03-03 06:09:12,771] {dag_processing.py:1066} INFO - Failing jobs without heartbeat after 2025-03-03 06:04:12.771484+00:00
[2025-03-03 06:09:22,806] {dag_processing.py:1062} INFO - Finding 'running' jobs without a recent heartbeat
[2025-03-03 06:09:22,832] {dag_processing.py:1066} INFO - Failing jobs without heartbeat after 2025-03-03 06:04:22.832786+00:00
[2025-03-03 06:09:32,874] {dag_processing.py:1062} INFO - Finding 'running' jobs without a recent heartbeat
[2025-03-03 06:09:32,878] {dag_processing.py:1066} INFO - Failing jobs without heartbeat after 2025-03-03 06:04:32.878341+00:00
[2025-03-03 06:09:42,914] {dag_processing.py:1062} INFO - Finding 'running' jobs without a recent heartbeat
[2025-03-03 06:09:42,919] {dag_processing.py:1066} INFO - Failing jobs without heartbeat after 2025-03-03 06:04:42.919872+00:00
[2025-03-03 06:09:52,959] {dag_processing.py:1062} INFO - Finding 'running' jobs without a recent heartbeat
[2025-03-03 06:09:52,961] {dag_processing.py:1066} INFO - Failing jobs without heartbeat after 2025-03-03 06:04:52.961248+00:00
[2025-03-03 06:10:02,989] {dag_processing.py:1062} INFO - Finding 'running' jobs without a recent heartbeat
[2025-03-03 06:10:02,996] {dag_processing.py:1066} INFO - Failing jobs without heartbeat after 2025-03-03 06:05:02.996166+00:00
[2025-03-03 06:10:13,034] {dag_processing.py:1062} INFO - Finding 'running' jobs without a recent heartbeat
[2025-03-03 06:10:13,040] {dag_processing.py:1066} INFO - Failing jobs without heartbeat after 2025-03-03 06:05:13.040689+00:00
[2025-03-03 06:10:23,079] {dag_processing.py:1062} INFO - Finding 'running' jobs without a recent heartbeat
[2025-03-03 06:10:23,082] {dag_processing.py:1066} INFO - Failing jobs without heartbeat after 2025-03-03 06:05:23.082156+00:00
[2025-03-03 06:10:33,117] {dag_processing.py:1062} INFO - Finding 'running' jobs without a recent heartbeat
[2025-03-03 06:10:33,119] {dag_processing.py:1066} INFO - Failing jobs without heartbeat after 2025-03-03 06:05:33.119796+00:00
[2025-03-03 06:10:43,152] {dag_processing.py:1062} INFO - Finding 'running' jobs without a recent heartbeat
[2025-03-03 06:10:43,158] {dag_processing.py:1066} INFO - Failing jobs without heartbeat after 2025-03-03 06:05:43.158157+00:00
[2025-03-03 06:10:48,184] {dag_processing.py:726} INFO - Searching for files in /opt/airflow/dags
[2025-03-03 06:10:48,197] {dag_processing.py:729} INFO - There are 0 files in /opt/airflow/dags
[2025-03-03 06:10:53,237] {dag_processing.py:1062} INFO - Finding 'running' jobs without a recent heartbeat
[2025-03-03 06:10:53,244] {dag_processing.py:1066} INFO - Failing jobs without heartbeat after 2025-03-03 06:05:53.244138+00:00
[2025-03-03 06:11:03,271] {dag_processing.py:1062} INFO - Finding 'running' jobs without a recent heartbeat
[2025-03-03 06:11:03,280] {dag_processing.py:1066} INFO - Failing jobs without heartbeat after 2025-03-03 06:06:03.280017+00:00
[2025-03-03 06:11:13,315] {dag_processing.py:1062} INFO - Finding 'running' jobs without a recent heartbeat
[2025-03-03 06:11:13,319] {dag_processing.py:1066} INFO - Failing jobs without heartbeat after 2025-03-03 06:06:13.319792+00:00
[2025-03-03 06:11:23,348] {dag_processing.py:1062} INFO - Finding 'running' jobs without a recent heartbeat
[2025-03-03 06:11:23,351] {dag_processing.py:1066} INFO - Failing jobs without heartbeat after 2025-03-03 06:06:23.351018+00:00
[2025-03-03 06:11:33,378] {dag_processing.py:1062} INFO - Finding 'running' jobs without a recent heartbeat
[2025-03-03 06:11:33,380] {dag_processing.py:1066} INFO - Failing jobs without heartbeat after 2025-03-03 06:06:33.380859+00:00
[2025-03-03 06:11:43,415] {dag_processing.py:1062} INFO - Finding 'running' jobs without a recent heartbeat
[2025-03-03 06:11:43,420] {dag_processing.py:1066} INFO - Failing jobs without heartbeat after 2025-03-03 06:06:43.420060+00:00
[2025-03-03 06:11:53,460] {dag_processing.py:1062} INFO - Finding 'running' jobs without a recent heartbeat
[2025-03-03 06:11:53,462] {dag_processing.py:1066} INFO - Failing jobs without heartbeat after 2025-03-03 06:06:53.462732+00:00
[2025-03-03 06:12:03,494] {dag_processing.py:1062} INFO - Finding 'running' jobs without a recent heartbeat
[2025-03-03 06:12:03,500] {dag_processing.py:1066} INFO - Failing jobs without heartbeat after 2025-03-03 06:07:03.500041+00:00
[2025-03-03 06:12:11,198] {dag_processing.py:571} INFO - Exiting gracefully upon receiving signal 15
[2025-03-03 06:13:03,250] {dag_processing.py:590} INFO - Processing files using up to 2 processes at a time 
[2025-03-03 06:13:03,252] {dag_processing.py:591} INFO - Process each file at most once every 0 seconds
[2025-03-03 06:13:03,253] {dag_processing.py:593} INFO - Checking for new files in /opt/airflow/dags every 300 seconds
[2025-03-03 06:13:03,255] {dag_processing.py:726} INFO - Searching for files in /opt/airflow/dags
[2025-03-03 06:13:03,261] {dag_processing.py:729} INFO - There are 0 files in /opt/airflow/dags
[2025-03-03 06:13:03,293] {dag_processing.py:1062} INFO - Finding 'running' jobs without a recent heartbeat
[2025-03-03 06:13:03,295] {dag_processing.py:1066} INFO - Failing jobs without heartbeat after 2025-03-03 06:08:03.295790+00:00
[2025-03-03 06:13:13,315] {dag_processing.py:1062} INFO - Finding 'running' jobs without a recent heartbeat
[2025-03-03 06:13:13,318] {dag_processing.py:1066} INFO - Failing jobs without heartbeat after 2025-03-03 06:08:13.318790+00:00
[2025-03-03 06:13:23,351] {dag_processing.py:1062} INFO - Finding 'running' jobs without a recent heartbeat
[2025-03-03 06:13:23,359] {dag_processing.py:1066} INFO - Failing jobs without heartbeat after 2025-03-03 06:08:23.359250+00:00
[2025-03-03 06:13:33,396] {dag_processing.py:1062} INFO - Finding 'running' jobs without a recent heartbeat
[2025-03-03 06:13:33,401] {dag_processing.py:1066} INFO - Failing jobs without heartbeat after 2025-03-03 06:08:33.401777+00:00
[2025-03-03 06:13:43,430] {dag_processing.py:1062} INFO - Finding 'running' jobs without a recent heartbeat
[2025-03-03 06:13:43,432] {dag_processing.py:1066} INFO - Failing jobs without heartbeat after 2025-03-03 06:08:43.432829+00:00
[2025-03-03 06:13:53,470] {dag_processing.py:1062} INFO - Finding 'running' jobs without a recent heartbeat
[2025-03-03 06:13:53,474] {dag_processing.py:1066} INFO - Failing jobs without heartbeat after 2025-03-03 06:08:53.474238+00:00
[2025-03-03 06:14:03,504] {dag_processing.py:1062} INFO - Finding 'running' jobs without a recent heartbeat
[2025-03-03 06:14:03,509] {dag_processing.py:1066} INFO - Failing jobs without heartbeat after 2025-03-03 06:09:03.509659+00:00
[2025-03-03 06:14:13,537] {dag_processing.py:1062} INFO - Finding 'running' jobs without a recent heartbeat
[2025-03-03 06:14:13,561] {dag_processing.py:1066} INFO - Failing jobs without heartbeat after 2025-03-03 06:09:13.561914+00:00
[2025-03-03 06:14:23,597] {dag_processing.py:1062} INFO - Finding 'running' jobs without a recent heartbeat
[2025-03-03 06:14:23,600] {dag_processing.py:1066} INFO - Failing jobs without heartbeat after 2025-03-03 06:09:23.600182+00:00
[2025-03-03 06:14:33,635] {dag_processing.py:1062} INFO - Finding 'running' jobs without a recent heartbeat
[2025-03-03 06:14:33,639] {dag_processing.py:1066} INFO - Failing jobs without heartbeat after 2025-03-03 06:09:33.639794+00:00
[2025-03-03 06:14:43,675] {dag_processing.py:1062} INFO - Finding 'running' jobs without a recent heartbeat
[2025-03-03 06:14:43,678] {dag_processing.py:1066} INFO - Failing jobs without heartbeat after 2025-03-03 06:09:43.678727+00:00
[2025-03-03 06:14:53,713] {dag_processing.py:1062} INFO - Finding 'running' jobs without a recent heartbeat
[2025-03-03 06:14:53,717] {dag_processing.py:1066} INFO - Failing jobs without heartbeat after 2025-03-03 06:09:53.717246+00:00
[2025-03-03 06:15:03,752] {dag_processing.py:1062} INFO - Finding 'running' jobs without a recent heartbeat
[2025-03-03 06:15:03,755] {dag_processing.py:1066} INFO - Failing jobs without heartbeat after 2025-03-03 06:10:03.755578+00:00
[2025-03-03 06:15:13,784] {dag_processing.py:1062} INFO - Finding 'running' jobs without a recent heartbeat
[2025-03-03 06:15:13,791] {dag_processing.py:1066} INFO - Failing jobs without heartbeat after 2025-03-03 06:10:13.791391+00:00
[2025-03-03 06:15:23,827] {dag_processing.py:1062} INFO - Finding 'running' jobs without a recent heartbeat
[2025-03-03 06:15:23,832] {dag_processing.py:1066} INFO - Failing jobs without heartbeat after 2025-03-03 06:10:23.832756+00:00
[2025-03-03 06:15:33,876] {dag_processing.py:1062} INFO - Finding 'running' jobs without a recent heartbeat
[2025-03-03 06:15:33,881] {dag_processing.py:1066} INFO - Failing jobs without heartbeat after 2025-03-03 06:10:33.881821+00:00
[2025-03-03 06:15:43,918] {dag_processing.py:1062} INFO - Finding 'running' jobs without a recent heartbeat
[2025-03-03 06:15:43,923] {dag_processing.py:1066} INFO - Failing jobs without heartbeat after 2025-03-03 06:10:43.923657+00:00
[2025-03-03 06:15:53,955] {dag_processing.py:1062} INFO - Finding 'running' jobs without a recent heartbeat
[2025-03-03 06:15:53,959] {dag_processing.py:1066} INFO - Failing jobs without heartbeat after 2025-03-03 06:10:53.959266+00:00
[2025-03-03 06:16:03,987] {dag_processing.py:1062} INFO - Finding 'running' jobs without a recent heartbeat
[2025-03-03 06:16:03,989] {dag_processing.py:1066} INFO - Failing jobs without heartbeat after 2025-03-03 06:11:03.989110+00:00
[2025-03-03 06:16:14,013] {dag_processing.py:1062} INFO - Finding 'running' jobs without a recent heartbeat
[2025-03-03 06:16:14,017] {dag_processing.py:1066} INFO - Failing jobs without heartbeat after 2025-03-03 06:11:14.017830+00:00
[2025-03-03 06:16:24,054] {dag_processing.py:1062} INFO - Finding 'running' jobs without a recent heartbeat
[2025-03-03 06:16:24,057] {dag_processing.py:1066} INFO - Failing jobs without heartbeat after 2025-03-03 06:11:24.057912+00:00
[2025-03-03 06:16:34,093] {dag_processing.py:1062} INFO - Finding 'running' jobs without a recent heartbeat
[2025-03-03 06:16:34,096] {dag_processing.py:1066} INFO - Failing jobs without heartbeat after 2025-03-03 06:11:34.096416+00:00
[2025-03-03 06:16:44,131] {dag_processing.py:1062} INFO - Finding 'running' jobs without a recent heartbeat
[2025-03-03 06:16:44,136] {dag_processing.py:1066} INFO - Failing jobs without heartbeat after 2025-03-03 06:11:44.135870+00:00
[2025-03-03 06:16:54,170] {dag_processing.py:1062} INFO - Finding 'running' jobs without a recent heartbeat
[2025-03-03 06:16:54,172] {dag_processing.py:1066} INFO - Failing jobs without heartbeat after 2025-03-03 06:11:54.172781+00:00
[2025-03-03 06:17:04,203] {dag_processing.py:1062} INFO - Finding 'running' jobs without a recent heartbeat
[2025-03-03 06:17:04,216] {dag_processing.py:1066} INFO - Failing jobs without heartbeat after 2025-03-03 06:12:04.216469+00:00
[2025-03-03 06:17:14,244] {dag_processing.py:1062} INFO - Finding 'running' jobs without a recent heartbeat
[2025-03-03 06:17:14,265] {dag_processing.py:1066} INFO - Failing jobs without heartbeat after 2025-03-03 06:12:14.265198+00:00
[2025-03-03 06:17:24,301] {dag_processing.py:1062} INFO - Finding 'running' jobs without a recent heartbeat
[2025-03-03 06:17:24,316] {dag_processing.py:1066} INFO - Failing jobs without heartbeat after 2025-03-03 06:12:24.316383+00:00
[2025-03-03 06:17:34,347] {dag_processing.py:1062} INFO - Finding 'running' jobs without a recent heartbeat
[2025-03-03 06:17:34,351] {dag_processing.py:1066} INFO - Failing jobs without heartbeat after 2025-03-03 06:12:34.351529+00:00
[2025-03-03 06:17:44,384] {dag_processing.py:1062} INFO - Finding 'running' jobs without a recent heartbeat
[2025-03-03 06:17:44,389] {dag_processing.py:1066} INFO - Failing jobs without heartbeat after 2025-03-03 06:12:44.389760+00:00
[2025-03-03 06:17:54,425] {dag_processing.py:1062} INFO - Finding 'running' jobs without a recent heartbeat
[2025-03-03 06:17:54,429] {dag_processing.py:1066} INFO - Failing jobs without heartbeat after 2025-03-03 06:12:54.429159+00:00
[2025-03-03 06:18:03,457] {dag_processing.py:726} INFO - Searching for files in /opt/airflow/dags
[2025-03-03 06:18:03,471] {dag_processing.py:729} INFO - There are 0 files in /opt/airflow/dags
[2025-03-03 06:18:04,493] {dag_processing.py:1062} INFO - Finding 'running' jobs without a recent heartbeat
[2025-03-03 06:18:04,497] {dag_processing.py:1066} INFO - Failing jobs without heartbeat after 2025-03-03 06:13:04.497069+00:00
[2025-03-03 06:18:14,531] {dag_processing.py:1062} INFO - Finding 'running' jobs without a recent heartbeat
[2025-03-03 06:18:14,537] {dag_processing.py:1066} INFO - Failing jobs without heartbeat after 2025-03-03 06:13:14.537898+00:00
[2025-03-03 06:18:24,572] {dag_processing.py:1062} INFO - Finding 'running' jobs without a recent heartbeat
[2025-03-03 06:18:24,574] {dag_processing.py:1066} INFO - Failing jobs without heartbeat after 2025-03-03 06:13:24.574920+00:00
[2025-03-03 06:18:34,609] {dag_processing.py:1062} INFO - Finding 'running' jobs without a recent heartbeat
[2025-03-03 06:18:34,614] {dag_processing.py:1066} INFO - Failing jobs without heartbeat after 2025-03-03 06:13:34.614094+00:00
[2025-03-03 06:18:44,651] {dag_processing.py:1062} INFO - Finding 'running' jobs without a recent heartbeat
[2025-03-03 06:18:44,655] {dag_processing.py:1066} INFO - Failing jobs without heartbeat after 2025-03-03 06:13:44.655396+00:00
[2025-03-03 06:18:54,695] {dag_processing.py:1062} INFO - Finding 'running' jobs without a recent heartbeat
[2025-03-03 06:18:54,698] {dag_processing.py:1066} INFO - Failing jobs without heartbeat after 2025-03-03 06:13:54.698511+00:00
[2025-03-03 06:19:04,737] {dag_processing.py:1062} INFO - Finding 'running' jobs without a recent heartbeat
[2025-03-03 06:19:04,743] {dag_processing.py:1066} INFO - Failing jobs without heartbeat after 2025-03-03 06:14:04.743860+00:00
[2025-03-03 06:19:14,776] {dag_processing.py:1062} INFO - Finding 'running' jobs without a recent heartbeat
[2025-03-03 06:19:14,779] {dag_processing.py:1066} INFO - Failing jobs without heartbeat after 2025-03-03 06:14:14.779081+00:00
[2025-03-03 06:19:24,816] {dag_processing.py:1062} INFO - Finding 'running' jobs without a recent heartbeat
[2025-03-03 06:19:24,820] {dag_processing.py:1066} INFO - Failing jobs without heartbeat after 2025-03-03 06:14:24.820841+00:00
[2025-03-03 06:19:34,863] {dag_processing.py:1062} INFO - Finding 'running' jobs without a recent heartbeat
[2025-03-03 06:19:34,875] {dag_processing.py:1066} INFO - Failing jobs without heartbeat after 2025-03-03 06:14:34.874992+00:00
[2025-03-03 06:19:44,915] {dag_processing.py:1062} INFO - Finding 'running' jobs without a recent heartbeat
[2025-03-03 06:19:44,917] {dag_processing.py:1066} INFO - Failing jobs without heartbeat after 2025-03-03 06:14:44.917822+00:00
